
*** Running vivado
    with args -log bridge_top.vds -m64 -product Vivado -mode batch -messageDb vivado.pb -notrace -source bridge_top.tcl


****** Vivado v2019.2 (64-bit)
  **** SW Build 2708876 on Wed Nov  6 21:40:23 MST 2019
  **** IP Build 2700528 on Thu Nov  7 00:09:20 MST 2019
    ** Copyright 1986-2019 Xilinx, Inc. All Rights Reserved.

source bridge_top.tcl -notrace
Command: synth_design -top bridge_top -part xc7a15tcpg236-1
Starting synth_design
Attempting to get a license for feature 'Synthesis' and/or device 'xc7a15t'
INFO: [Common 17-349] Got license for feature 'Synthesis' and/or device 'xc7a15t'
INFO: [Device 21-403] Loading part xc7a15tcpg236-1
INFO: Launching helper process for spawning children vivado processes
INFO: Helper process launched with PID 12980 
---------------------------------------------------------------------------------
Starting RTL Elaboration : Time (s): cpu = 00:00:03 ; elapsed = 00:00:04 . Memory (MB): peak = 948.688 ; gain = 233.656
---------------------------------------------------------------------------------
INFO: [Synth 8-638] synthesizing module 'bridge_top' [C:/Users/fuhu/Desktop/bridge/bridge_top.vhdl:26]
INFO: [Synth 8-638] synthesizing module 'bridge_fake_enc' [C:/Users/fuhu/Desktop/bridge/bridge_fake_enc.vhdl:14]
INFO: [Synth 8-256] done synthesizing module 'bridge_fake_enc' (1#1) [C:/Users/fuhu/Desktop/bridge/bridge_fake_enc.vhdl:14]
INFO: [Synth 8-638] synthesizing module 'bridge_buffer' [C:/Users/fuhu/Desktop/bridge/bridge_buffer.vhdl:18]
	Parameter ram_len bound to: 17 - type: integer 
INFO: [Synth 8-256] done synthesizing module 'bridge_buffer' (2#1) [C:/Users/fuhu/Desktop/bridge/bridge_buffer.vhdl:18]
INFO: [Synth 8-638] synthesizing module 'bridge_fake_rob' [C:/Users/fuhu/Desktop/bridge/bridge_fake_rob.vhdl:18]
	Parameter num_clk bound to: 17 - type: integer 
WARNING: [Synth 8-6014] Unused sequential element edge_gen_reg was removed.  [C:/Users/fuhu/Desktop/bridge/bridge_fake_rob.vhdl:41]
INFO: [Synth 8-256] done synthesizing module 'bridge_fake_rob' (3#1) [C:/Users/fuhu/Desktop/bridge/bridge_fake_rob.vhdl:18]
INFO: [Synth 8-256] done synthesizing module 'bridge_top' (4#1) [C:/Users/fuhu/Desktop/bridge/bridge_top.vhdl:26]
WARNING: [Synth 8-3331] design bridge_fake_enc has unconnected port clk
WARNING: [Synth 8-3331] design bridge_fake_enc has unconnected port rst
WARNING: [Synth 8-3331] design bridge_fake_enc has unconnected port clk_in
---------------------------------------------------------------------------------
Finished RTL Elaboration : Time (s): cpu = 00:00:05 ; elapsed = 00:00:05 . Memory (MB): peak = 1020.516 ; gain = 305.484
---------------------------------------------------------------------------------

Report Check Netlist: 
+------+------------------+-------+---------+-------+------------------+
|      |Item              |Errors |Warnings |Status |Description       |
+------+------------------+-------+---------+-------+------------------+
|1     |multi_driven_nets |      0|        0|Passed |Multi driven nets |
+------+------------------+-------+---------+-------+------------------+
---------------------------------------------------------------------------------
Start Handling Custom Attributes
---------------------------------------------------------------------------------
---------------------------------------------------------------------------------
Finished Handling Custom Attributes : Time (s): cpu = 00:00:05 ; elapsed = 00:00:06 . Memory (MB): peak = 1020.516 ; gain = 305.484
---------------------------------------------------------------------------------
---------------------------------------------------------------------------------
Finished RTL Optimization Phase 1 : Time (s): cpu = 00:00:05 ; elapsed = 00:00:06 . Memory (MB): peak = 1020.516 ; gain = 305.484
---------------------------------------------------------------------------------
Netlist sorting complete. Time (s): cpu = 00:00:00 ; elapsed = 00:00:00.007 . Memory (MB): peak = 1020.516 ; gain = 0.000
INFO: [Project 1-570] Preparing netlist for logic optimization

Processing XDC Constraints
Initializing timing engine
Parsing XDC File [C:/Users/fuhu/Desktop/bridge/bridge.srcs/constrs_1/new/constr.xdc]
Finished Parsing XDC File [C:/Users/fuhu/Desktop/bridge/bridge.srcs/constrs_1/new/constr.xdc]
INFO: [Project 1-236] Implementation specific constraints were found while reading constraint file [C:/Users/fuhu/Desktop/bridge/bridge.srcs/constrs_1/new/constr.xdc]. These constraints will be ignored for synthesis but will be used in implementation. Impacted constraints are listed in the file [.Xil/bridge_top_propImpl.xdc].
Resolution: To avoid this warning, move constraints listed in [.Xil/bridge_top_propImpl.xdc] to another XDC file and exclude this new file from synthesis with the used_in_synthesis property (File Properties dialog in GUI) and re-run elaboration/synthesis.
Completed Processing XDC Constraints

Netlist sorting complete. Time (s): cpu = 00:00:00 ; elapsed = 00:00:00 . Memory (MB): peak = 1118.887 ; gain = 0.000
INFO: [Project 1-111] Unisim Transformation Summary:
No Unisim elements were transformed.

Constraint Validation Runtime : Time (s): cpu = 00:00:00 ; elapsed = 00:00:00.008 . Memory (MB): peak = 1118.887 ; gain = 0.000
---------------------------------------------------------------------------------
Finished Constraint Validation : Time (s): cpu = 00:00:11 ; elapsed = 00:00:12 . Memory (MB): peak = 1118.887 ; gain = 403.855
---------------------------------------------------------------------------------
---------------------------------------------------------------------------------
Start Loading Part and Timing Information
---------------------------------------------------------------------------------
Loading part: xc7a15tcpg236-1
---------------------------------------------------------------------------------
Finished Loading Part and Timing Information : Time (s): cpu = 00:00:11 ; elapsed = 00:00:12 . Memory (MB): peak = 1118.887 ; gain = 403.855
---------------------------------------------------------------------------------
---------------------------------------------------------------------------------
Start Applying 'set_property' XDC Constraints
---------------------------------------------------------------------------------
---------------------------------------------------------------------------------
Finished applying 'set_property' XDC Constraints : Time (s): cpu = 00:00:11 ; elapsed = 00:00:12 . Memory (MB): peak = 1118.887 ; gain = 403.855
---------------------------------------------------------------------------------
---------------------------------------------------------------------------------
Finished RTL Optimization Phase 2 : Time (s): cpu = 00:00:11 ; elapsed = 00:00:12 . Memory (MB): peak = 1118.887 ; gain = 403.855
---------------------------------------------------------------------------------

Report RTL Partitions: 
+-+--------------+------------+----------+
| |RTL Partition |Replication |Instances |
+-+--------------+------------+----------+
+-+--------------+------------+----------+
---------------------------------------------------------------------------------
Start RTL Component Statistics 
---------------------------------------------------------------------------------
Detailed RTL Component Info : 
+---Adders : 
	   2 Input     10 Bit       Adders := 1     
	   2 Input      5 Bit       Adders := 4     
+---Registers : 
	               32 Bit    Registers := 2     
	               10 Bit    Registers := 1     
	                5 Bit    Registers := 3     
	                2 Bit    Registers := 3     
	                1 Bit    Registers := 6     
+---Multipliers : 
	                 3x32  Multipliers := 1     
+---RAMs : 
	               17 Bit         RAMs := 1     
+---Muxes : 
	   2 Input      1 Bit        Muxes := 7     
---------------------------------------------------------------------------------
Finished RTL Component Statistics 
---------------------------------------------------------------------------------
---------------------------------------------------------------------------------
Start RTL Hierarchical Component Statistics 
---------------------------------------------------------------------------------
Hierarchical RTL Component report 
Module bridge_top 
Detailed RTL Component Info : 
+---Adders : 
	   2 Input     10 Bit       Adders := 1     
+---Registers : 
	               10 Bit    Registers := 1     
	                1 Bit    Registers := 1     
Module bridge_buffer 
Detailed RTL Component Info : 
+---Adders : 
	   2 Input      5 Bit       Adders := 3     
+---Registers : 
	               32 Bit    Registers := 1     
	                5 Bit    Registers := 2     
	                2 Bit    Registers := 2     
	                1 Bit    Registers := 2     
+---Multipliers : 
	                 3x32  Multipliers := 1     
+---RAMs : 
	               17 Bit         RAMs := 1     
+---Muxes : 
	   2 Input      1 Bit        Muxes := 2     
Module bridge_fake_rob 
Detailed RTL Component Info : 
+---Adders : 
	   2 Input      5 Bit       Adders := 1     
+---Registers : 
	               32 Bit    Registers := 1     
	                5 Bit    Registers := 1     
	                2 Bit    Registers := 1     
	                1 Bit    Registers := 3     
+---Muxes : 
	   2 Input      1 Bit        Muxes := 5     
---------------------------------------------------------------------------------
Finished RTL Hierarchical Component Statistics
---------------------------------------------------------------------------------
---------------------------------------------------------------------------------
Start Part Resource Summary
---------------------------------------------------------------------------------
Part Resources:
DSPs: 45 (col length:60)
BRAMs: 50 (col length: RAMB18 60 RAMB36 30)
---------------------------------------------------------------------------------
Finished Part Resource Summary
---------------------------------------------------------------------------------
---------------------------------------------------------------------------------
Start Cross Boundary and Area Optimization
---------------------------------------------------------------------------------
Warning: Parallel synthesis criteria is not met 
INFO: [Synth 8-3333] propagating constant 0 across sequential element (\fake_rob/rst_data_reg )
INFO: [Synth 8-3886] merging instance 'fake_rob/edge_reg[0]' (FDS) to 'buff/edge_rd_reg[0]'
INFO: [Synth 8-3886] merging instance 'fake_rob/edge_reg[1]' (FDS) to 'buff/edge_rd_reg[1]'
---------------------------------------------------------------------------------
Finished Cross Boundary and Area Optimization : Time (s): cpu = 00:00:14 ; elapsed = 00:00:15 . Memory (MB): peak = 1118.887 ; gain = 403.855
---------------------------------------------------------------------------------
---------------------------------------------------------------------------------
Start ROM, RAM, DSP and Shift Register Reporting
---------------------------------------------------------------------------------

Distributed RAM: Preliminary Mapping	Report (see note below)
+------------+--------------+-----------+----------------------+---------------+
|Module Name | RTL Object   | Inference | Size (Depth x Width) | Primitives    | 
+------------+--------------+-----------+----------------------+---------------+
|bridge_top  | buff/ram_reg | Implied   | 32 x 1               | RAM16X1D x 2	 | 
+------------+--------------+-----------+----------------------+---------------+

Note: The table above is a preliminary report that shows the Distributed RAMs at the current stage of the synthesis flow. Some Distributed RAMs may be reimplemented as non Distributed RAM primitives later in the synthesis flow. Multiple instantiated RAMs are reported only once.
---------------------------------------------------------------------------------
Finished ROM, RAM, DSP and Shift Register Reporting
---------------------------------------------------------------------------------

Report RTL Partitions: 
+-+--------------+------------+----------+
| |RTL Partition |Replication |Instances |
+-+--------------+------------+----------+
+-+--------------+------------+----------+
---------------------------------------------------------------------------------
Start Applying XDC Timing Constraints
---------------------------------------------------------------------------------
---------------------------------------------------------------------------------
Finished Applying XDC Timing Constraints : Time (s): cpu = 00:00:21 ; elapsed = 00:00:22 . Memory (MB): peak = 1118.887 ; gain = 403.855
---------------------------------------------------------------------------------
---------------------------------------------------------------------------------
Start Timing Optimization
---------------------------------------------------------------------------------
---------------------------------------------------------------------------------
Finished Timing Optimization : Time (s): cpu = 00:00:22 ; elapsed = 00:00:23 . Memory (MB): peak = 1129.875 ; gain = 414.844
---------------------------------------------------------------------------------
---------------------------------------------------------------------------------
Start ROM, RAM, DSP and Shift Register Reporting
---------------------------------------------------------------------------------

Distributed RAM: Final Mapping	Report
+------------+--------------+-----------+----------------------+---------------+
|Module Name | RTL Object   | Inference | Size (Depth x Width) | Primitives    | 
+------------+--------------+-----------+----------------------+---------------+
|bridge_top  | buff/ram_reg | Implied   | 32 x 1               | RAM16X1D x 2	 | 
+------------+--------------+-----------+----------------------+---------------+

---------------------------------------------------------------------------------
Finished ROM, RAM, DSP and Shift Register Reporting
---------------------------------------------------------------------------------

Report RTL Partitions: 
+-+--------------+------------+----------+
| |RTL Partition |Replication |Instances |
+-+--------------+------------+----------+
+-+--------------+------------+----------+
---------------------------------------------------------------------------------
Start Technology Mapping
---------------------------------------------------------------------------------
INFO: [Synth 8-3886] merging instance 'buff/rd_i_reg_rep[3]' (FDRE) to 'buff/rd_i_reg[3]'
INFO: [Synth 8-3886] merging instance 'buff/rd_i_reg_rep[2]' (FDRE) to 'buff/rd_i_reg[2]'
INFO: [Synth 8-3886] merging instance 'buff/rd_i_reg_rep[1]' (FDRE) to 'buff/rd_i_reg[1]'
INFO: [Synth 8-3886] merging instance 'buff/rd_i_reg_rep[0]' (FDSE) to 'buff/rd_i_reg[0]'
INFO: [Synth 8-3886] merging instance 'buff/rd_i_reg_rep[4]' (FDRE) to 'buff/rd_i_reg[4]'
---------------------------------------------------------------------------------
Finished Technology Mapping : Time (s): cpu = 00:00:22 ; elapsed = 00:00:23 . Memory (MB): peak = 1131.945 ; gain = 416.914
---------------------------------------------------------------------------------

Report RTL Partitions: 
+-+--------------+------------+----------+
| |RTL Partition |Replication |Instances |
+-+--------------+------------+----------+
+-+--------------+------------+----------+
---------------------------------------------------------------------------------
Start IO Insertion
---------------------------------------------------------------------------------
---------------------------------------------------------------------------------
Start Flattening Before IO Insertion
---------------------------------------------------------------------------------
---------------------------------------------------------------------------------
Finished Flattening Before IO Insertion
---------------------------------------------------------------------------------
---------------------------------------------------------------------------------
Start Final Netlist Cleanup
---------------------------------------------------------------------------------
---------------------------------------------------------------------------------
Finished Final Netlist Cleanup
---------------------------------------------------------------------------------
---------------------------------------------------------------------------------
Finished IO Insertion : Time (s): cpu = 00:00:26 ; elapsed = 00:00:27 . Memory (MB): peak = 1135.746 ; gain = 420.715
---------------------------------------------------------------------------------
---------------------------------------------------------------------------------
Start Renaming Generated Instances
---------------------------------------------------------------------------------
---------------------------------------------------------------------------------
Finished Renaming Generated Instances : Time (s): cpu = 00:00:26 ; elapsed = 00:00:27 . Memory (MB): peak = 1135.746 ; gain = 420.715
---------------------------------------------------------------------------------

Report RTL Partitions: 
+-+--------------+------------+----------+
| |RTL Partition |Replication |Instances |
+-+--------------+------------+----------+
+-+--------------+------------+----------+

Report Check Netlist: 
+------+------------------+-------+---------+-------+------------------+
|      |Item              |Errors |Warnings |Status |Description       |
+------+------------------+-------+---------+-------+------------------+
|1     |multi_driven_nets |      0|        0|Passed |Multi driven nets |
+------+------------------+-------+---------+-------+------------------+
---------------------------------------------------------------------------------
Start Rebuilding User Hierarchy
---------------------------------------------------------------------------------
---------------------------------------------------------------------------------
Finished Rebuilding User Hierarchy : Time (s): cpu = 00:00:26 ; elapsed = 00:00:27 . Memory (MB): peak = 1135.746 ; gain = 420.715
---------------------------------------------------------------------------------
---------------------------------------------------------------------------------
Start Renaming Generated Ports
---------------------------------------------------------------------------------
---------------------------------------------------------------------------------
Finished Renaming Generated Ports : Time (s): cpu = 00:00:26 ; elapsed = 00:00:27 . Memory (MB): peak = 1135.746 ; gain = 420.715
---------------------------------------------------------------------------------
---------------------------------------------------------------------------------
Start Handling Custom Attributes
---------------------------------------------------------------------------------
---------------------------------------------------------------------------------
Finished Handling Custom Attributes : Time (s): cpu = 00:00:26 ; elapsed = 00:00:27 . Memory (MB): peak = 1135.746 ; gain = 420.715
---------------------------------------------------------------------------------
---------------------------------------------------------------------------------
Start Renaming Generated Nets
---------------------------------------------------------------------------------
---------------------------------------------------------------------------------
Finished Renaming Generated Nets : Time (s): cpu = 00:00:26 ; elapsed = 00:00:28 . Memory (MB): peak = 1135.746 ; gain = 420.715
---------------------------------------------------------------------------------
---------------------------------------------------------------------------------
Start Writing Synthesis Report
---------------------------------------------------------------------------------

Report BlackBoxes: 
+-+--------------+----------+
| |BlackBox name |Instances |
+-+--------------+----------+
+-+--------------+----------+

Report Cell Usage: 
+------+---------+------+
|      |Cell     |Count |
+------+---------+------+
|1     |BUFG     |     1|
|2     |CARRY4   |    60|
|3     |LUT1     |     8|
|4     |LUT2     |    40|
|5     |LUT3     |    21|
|6     |LUT4     |   153|
|7     |LUT5     |     9|
|8     |LUT6     |     6|
|9     |RAM16X1D |     2|
|10    |FDRE     |   216|
|11    |FDSE     |     8|
|12    |IBUF     |     4|
|13    |OBUF     |     3|
+------+---------+------+

Report Instance Areas: 
+------+-----------+----------------+------+
|      |Instance   |Module          |Cells |
+------+-----------+----------------+------+
|1     |top        |                |   531|
|2     |  buff     |bridge_buffer   |   299|
|3     |  fake_rob |bridge_fake_rob |   199|
+------+-----------+----------------+------+
---------------------------------------------------------------------------------
Finished Writing Synthesis Report : Time (s): cpu = 00:00:26 ; elapsed = 00:00:28 . Memory (MB): peak = 1135.746 ; gain = 420.715
---------------------------------------------------------------------------------
Synthesis finished with 0 errors, 0 critical warnings and 0 warnings.
Synthesis Optimization Runtime : Time (s): cpu = 00:00:20 ; elapsed = 00:00:25 . Memory (MB): peak = 1135.746 ; gain = 322.344
Synthesis Optimization Complete : Time (s): cpu = 00:00:27 ; elapsed = 00:00:28 . Memory (MB): peak = 1135.746 ; gain = 420.715
INFO: [Project 1-571] Translating synthesized netlist
Netlist sorting complete. Time (s): cpu = 00:00:00 ; elapsed = 00:00:00.009 . Memory (MB): peak = 1146.727 ; gain = 0.000
INFO: [Netlist 29-17] Analyzing 62 Unisim elements for replacement
INFO: [Netlist 29-28] Unisim Transformation completed in 0 CPU seconds
INFO: [Project 1-570] Preparing netlist for logic optimization
INFO: [Opt 31-138] Pushed 0 inverter(s) to 0 load pin(s).
Netlist sorting complete. Time (s): cpu = 00:00:00 ; elapsed = 00:00:00 . Memory (MB): peak = 1151.125 ; gain = 0.000
INFO: [Project 1-111] Unisim Transformation Summary:
  A total of 2 instances were transformed.
  RAM16X1D => RAM32X1D (RAMD32(x2)): 2 instances

INFO: [Common 17-83] Releasing license: Synthesis
28 Infos, 4 Warnings, 0 Critical Warnings and 0 Errors encountered.
synth_design completed successfully
synth_design: Time (s): cpu = 00:00:32 ; elapsed = 00:00:33 . Memory (MB): peak = 1151.125 ; gain = 725.984
Netlist sorting complete. Time (s): cpu = 00:00:00 ; elapsed = 00:00:00 . Memory (MB): peak = 1151.125 ; gain = 0.000
WARNING: [Constraints 18-5210] No constraints selected for write.
Resolution: This message can indicate that there are no constraints for the design, or it can indicate that the used_in flags are set such that the constraints are ignored. This later case is used when running synth_design to not write synthesis constraints to the resulting checkpoint. Instead, project constraints are read when the synthesized design is opened.
INFO: [Common 17-1381] The checkpoint 'C:/Users/fuhu/Desktop/bridge/bridge.runs/synth_1/bridge_top.dcp' has been generated.
INFO: [runtcl-4] Executing : report_utilization -file bridge_top_utilization_synth.rpt -pb bridge_top_utilization_synth.pb
INFO: [Common 17-206] Exiting Vivado at Fri Feb 14 22:04:12 2020...
